#
# There is insufficient memory for the Java Runtime Environment to continue.
# Native memory allocation (malloc) failed to allocate 1400656 bytes. Error detail: Chunk::new
# Possible reasons:
#   The system is out of physical RAM or swap space
#   This process is running with CompressedOops enabled, and the Java Heap may be blocking the growth of the native heap
# Possible solutions:
#   Reduce memory load on the system
#   Increase physical memory or swap space
#   Check if swap backing store is full
#   Decrease Java heap size (-Xmx/-Xms)
#   Decrease number of Java threads
#   Decrease Java thread stack sizes (-Xss)
#   Set larger code cache with -XX:ReservedCodeCacheSize=
#   JVM is running with Zero Based Compressed Oops mode in which the Java heap is
#     placed in the first 32GB address space. The Java Heap base address is the
#     maximum limit for the native heap growth. Please use -XX:HeapBaseMinAddress
#     to set the Java Heap base and to place the Java Heap above 32GB virtual address.
# This output file may be truncated or incomplete.
#
#  Out of Memory Error (arena.cpp:150), pid=7216, tid=16324
#
# JRE version: Java(TM) SE Runtime Environment (22.0.2+9) (build 22.0.2+9-70)
# Java VM: Java HotSpot(TM) 64-Bit Server VM (22.0.2+9-70, mixed mode, sharing, tiered, compressed oops, compressed class ptrs, g1 gc, windows-amd64)
# No core dump will be written. Minidumps are not enabled by default on client versions of Windows
#

---------------  S U M M A R Y ------------

Command Line: -Dapplication.home=C:\Program Files\Java\jdk-22 --add-modules=ALL-DEFAULT -Xms8m -Djdk.module.main=jdk.compiler jdk.compiler/com.sun.tools.javac.Main descomposicion.java

Host: Intel(R) Core(TM) i5-9300H CPU @ 2.40GHz, 8 cores, 15G,  Windows 11 , 64 bit Build 22621 (10.0.22621.3958)
Time: Thu Aug 29 11:54:57 2024 Hora est. Pacífico, Sudamérica elapsed time: 1.377235 seconds (0d 0h 0m 1s)

---------------  T H R E A D  ---------------

Current thread (0x000002c6732c34c0):  JavaThread "C2 CompilerThread1" daemon [_thread_in_native, id=16324, stack(0x000000f519e00000,0x000000f519f00000) (1024K)]


Current CompileTask:
C2:1377 1128       4       jdk.internal.jimage.ImageLocation::getFullName (109 bytes)

Stack: [0x000000f519e00000,0x000000f519f00000]
Native frames: (J=compiled Java code, j=interpreted, Vv=VM code, C=native code)
V  [jvm.dll+0x6e26e9]  (no source info available)
V  [jvm.dll+0x875753]  (no source info available)
V  [jvm.dll+0x877b7e]  (no source info available)
V  [jvm.dll+0x878253]  (no source info available)
V  [jvm.dll+0x27fc86]  (no source info available)
V  [jvm.dll+0xc3d0f]  (no source info available)
V  [jvm.dll+0xc3f6b]  (no source info available)
V  [jvm.dll+0x3bb442]  (no source info available)
V  [jvm.dll+0x387d4b]  (no source info available)
V  [jvm.dll+0x3871ba]  (no source info available)
V  [jvm.dll+0x2477f8]  (no source info available)
V  [jvm.dll+0x246e9f]  (no source info available)
V  [jvm.dll+0x1c4e80]  (no source info available)
V  [jvm.dll+0x2568f3]  (no source info available)
V  [jvm.dll+0x254baa]  (no source info available)
V  [jvm.dll+0x3f57a6]  (no source info available)
V  [jvm.dll+0x81dc0b]  (no source info available)
V  [jvm.dll+0x6e0d85]  (no source info available)
C  [ucrtbase.dll+0x29333]  (no source info available)
C  [KERNEL32.DLL+0x1257d]  (no source info available)
C  [ntdll.dll+0x5af28]  (no source info available)


---------------  P R O C E S S  ---------------

Threads class SMR info:
_java_thread_list=0x000002c67316ac30, length=12, elements={
0x000002c60e3553d0, 0x000002c62d341710, 0x000002c62d3426e0, 0x000002c62d345410,
0x000002c62d348600, 0x000002c62d3493c0, 0x000002c62d34a230, 0x000002c62d3567b0,
0x000002c62d357950, 0x000002c62d59dd60, 0x000002c62d6455d0, 0x000002c6732c34c0
}

Java Threads: ( => current thread )
  0x000002c60e3553d0 JavaThread "main"                              [_thread_blocked, id=13208, stack(0x000000f518700000,0x000000f518800000) (1024K)]
  0x000002c62d341710 JavaThread "Reference Handler"          daemon [_thread_blocked, id=17236, stack(0x000000f518f00000,0x000000f519000000) (1024K)]
  0x000002c62d3426e0 JavaThread "Finalizer"                  daemon [_thread_blocked, id=12152, stack(0x000000f519000000,0x000000f519100000) (1024K)]
  0x000002c62d345410 JavaThread "Signal Dispatcher"          daemon [_thread_blocked, id=372, stack(0x000000f519100000,0x000000f519200000) (1024K)]
  0x000002c62d348600 JavaThread "Attach Listener"            daemon [_thread_blocked, id=11456, stack(0x000000f519200000,0x000000f519300000) (1024K)]
  0x000002c62d3493c0 JavaThread "Service Thread"             daemon [_thread_blocked, id=2392, stack(0x000000f519300000,0x000000f519400000) (1024K)]
  0x000002c62d34a230 JavaThread "Monitor Deflation Thread"   daemon [_thread_blocked, id=21748, stack(0x000000f519400000,0x000000f519500000) (1024K)]
  0x000002c62d3567b0 JavaThread "C2 CompilerThread0"         daemon [_thread_in_native, id=1856, stack(0x000000f519500000,0x000000f519600000) (1024K)]
  0x000002c62d357950 JavaThread "C1 CompilerThread0"         daemon [_thread_blocked, id=12268, stack(0x000000f519600000,0x000000f519700000) (1024K)]
  0x000002c62d59dd60 JavaThread "Common-Cleaner"             daemon [_thread_blocked, id=4784, stack(0x000000f519700000,0x000000f519800000) (1024K)]
  0x000002c62d6455d0 JavaThread "Notification Thread"        daemon [_thread_blocked, id=17888, stack(0x000000f519900000,0x000000f519a00000) (1024K)]
=>0x000002c6732c34c0 JavaThread "C2 CompilerThread1"         daemon [_thread_in_native, id=16324, stack(0x000000f519e00000,0x000000f519f00000) (1024K)]
Total: 12

Other Threads:
  0x000002c62d321890 VMThread "VM Thread"                           [id=22972, stack(0x000000f518e00000,0x000000f518f00000) (1024K)]
  0x000002c60e40ec00 WatcherThread "VM Periodic Task Thread"        [id=8392, stack(0x000000f518d00000,0x000000f518e00000) (1024K)]
  0x000002c60e3bcb70 WorkerThread "GC Thread#0"                     [id=18260, stack(0x000000f518800000,0x000000f518900000) (1024K)]
  0x000002c673121200 WorkerThread "GC Thread#1"                     [id=9820, stack(0x000000f519a00000,0x000000f519b00000) (1024K)]
  0x000002c673122260 WorkerThread "GC Thread#2"                     [id=3860, stack(0x000000f519b00000,0x000000f519c00000) (1024K)]
  0x000002c673169e40 WorkerThread "GC Thread#3"                     [id=23060, stack(0x000000f519c00000,0x000000f519d00000) (1024K)]
  0x000002c67316a1f0 WorkerThread "GC Thread#4"                     [id=7640, stack(0x000000f519d00000,0x000000f519e00000) (1024K)]
  0x000002c6731ac370 WorkerThread "GC Thread#5"                     [id=23232, stack(0x000000f519800000,0x000000f519900000) (1024K)]
  0x000002c673497100 WorkerThread "GC Thread#6"                     [id=8840, stack(0x000000f519f00000,0x000000f51a000000) (1024K)]
  0x000002c60e3ce370 ConcurrentGCThread "G1 Main Marker"            [id=9764, stack(0x000000f518900000,0x000000f518a00000) (1024K)]
  0x000002c60e3cf6f0 WorkerThread "G1 Conc#0"                       [id=3388, stack(0x000000f518a00000,0x000000f518b00000) (1024K)]
  0x000002c60e3fa610 ConcurrentGCThread "G1 Refine#0"               [id=23748, stack(0x000000f518b00000,0x000000f518c00000) (1024K)]
  0x000002c60e3fb190 ConcurrentGCThread "G1 Service"                [id=9008, stack(0x000000f518c00000,0x000000f518d00000) (1024K)]
Total: 13

Threads with active compile tasks:
C2 CompilerThread0  3140 1284   !   4       com.sun.tools.javac.jvm.ClassReader::classSigToType (482 bytes)
C2 CompilerThread1  3140 1128       4       jdk.internal.jimage.ImageLocation::getFullName (109 bytes)
Total: 2

VM state: not at safepoint (normal execution)

VM Mutex/Monitor currently owned by a thread: None

Heap address: 0x0000000701c00000, size: 4068 MB, Compressed Oops mode: Zero based, Oop shift amount: 3

CDS archive(s) mapped at: [0x000002c62e000000-0x000002c62ec60000-0x000002c62ec60000), size 12976128, SharedBaseAddress: 0x000002c62e000000, ArchiveRelocationMode: 1.
Compressed class space mapped at: 0x000002c62f000000-0x000002c66f000000, reserved size: 1073741824
Narrow klass base: 0x000002c62e000000, Narrow klass shift: 0, Narrow klass range: 0x41000000

GC Precious Log:
 CardTable entry size: 512
 Card Set container configuration: InlinePtr #cards 4 size 8 Array Of Cards #cards 16 size 48 Howl #buckets 8 coarsen threshold 3686 Howl Bitmap #cards 512 size 80 coarsen threshold 460 Card regions per heap region 1 cards per card region 4096
 CPUs: 8 total, 8 available
 Memory: 16264M
 Large Page Support: Disabled
 NUMA Support: Disabled
 Compressed Oops: Enabled (Zero based)
 Heap Region Size: 2M
 Heap Min Capacity: 8M
 Heap Initial Capacity: 8M
 Heap Max Capacity: 4068M
 Pre-touch: Disabled
 Parallel Workers: 8
 Concurrent Workers: 2
 Concurrent Refinement Workers: 8
 Periodic GC: Disabled

Heap:
 garbage-first heap   total reserved 4165632K, committed 20480K, used 9359K [0x0000000701c00000, 0x0000000800000000)
  region size 2048K, 4 young (8192K), 1 survivors (2048K)
 Metaspace       used 9378K, committed 9600K, reserved 1114112K
  class space    used 1124K, committed 1216K, reserved 1048576K

Heap Regions: E=young(eden), S=young(survivor), O=old, HS=humongous(starts), HC=humongous(continues), CS=collection set, F=free, TAMS=top-at-mark-start, PB=parsable bottom
|   0|0x0000000701c00000, 0x0000000701e00000, 0x0000000701e00000|100%| O|  |TAMS 0x0000000701c00000| PB 0x0000000701c00000| Untracked |  0
|   1|0x0000000701e00000, 0x0000000701e00000, 0x0000000702000000|  0%| F|  |TAMS 0x0000000701e00000| PB 0x0000000701e00000| Untracked |  0
|   2|0x0000000702000000, 0x0000000702000000, 0x0000000702200000|  0%| F|  |TAMS 0x0000000702000000| PB 0x0000000702000000| Untracked |  0
|   3|0x0000000702200000, 0x0000000702200000, 0x0000000702400000|  0%| F|  |TAMS 0x0000000702200000| PB 0x0000000702200000| Untracked |  0
|   4|0x0000000702400000, 0x0000000702600000, 0x0000000702600000|100%| S|CS|TAMS 0x0000000702400000| PB 0x0000000702400000| Complete |  0
|   5|0x0000000702600000, 0x0000000702600000, 0x0000000702800000|  0%| F|  |TAMS 0x0000000702600000| PB 0x0000000702600000| Untracked |  0
|   6|0x0000000702800000, 0x00000007028c88b0, 0x0000000702a00000| 39%| E|  |TAMS 0x0000000702800000| PB 0x0000000702800000| Complete |  0
|   7|0x0000000702a00000, 0x0000000702c00000, 0x0000000702c00000|100%| E|CS|TAMS 0x0000000702a00000| PB 0x0000000702a00000| Complete |  0
|   8|0x0000000702c00000, 0x0000000702e00000, 0x0000000702e00000|100%| E|CS|TAMS 0x0000000702c00000| PB 0x0000000702c00000| Complete |  0
|2033|0x00000007ffe00000, 0x00000007fff23f18, 0x0000000800000000| 57%| O|  |TAMS 0x00000007ffe00000| PB 0x00000007ffe00000| Untracked |  0

Card table byte_map: [0x000002c6261d0000,0x000002c6269d0000] _byte_map_base: 0x000002c6229c2000

Marking Bits: (CMBitMap*) 0x000002c60e3bd280
 Bits: [0x000002c6269d0000, 0x000002c62a960000)

Polling page: 0x000002c60c2a0000

Metaspace:

Usage:
  Non-class:      8.06 MB used.
      Class:      1.10 MB used.
       Both:      9.16 MB used.

Virtual space:
  Non-class space:       64.00 MB reserved,       8.19 MB ( 13%) committed,  1 nodes.
      Class space:        1.00 GB reserved,       1.19 MB ( <1%) committed,  1 nodes.
             Both:        1.06 GB reserved,       9.38 MB ( <1%) committed. 

Chunk freelists:
   Non-Class:  5.69 MB
       Class:  14.77 MB
        Both:  20.46 MB

MaxMetaspaceSize: unlimited
CompressedClassSpaceSize: 1.00 GB
Initial GC threshold: 21.00 MB
Current GC threshold: 21.00 MB
CDS: on
 - commit_granule_bytes: 65536.
 - commit_granule_words: 8192.
 - virtual_space_node_default_size: 8388608.
 - enlarge_chunks_in_place: 1.
 - use_allocation_guard: 0.


Internal statistics:

num_allocs_failed_limit: 0.
num_arena_births: 164.
num_arena_deaths: 0.
num_vsnodes_births: 2.
num_vsnodes_deaths: 0.
num_space_committed: 150.
num_space_uncommitted: 0.
num_chunks_returned_to_freelist: 0.
num_chunks_taken_from_freelist: 478.
num_chunk_merges: 0.
num_chunk_splits: 343.
num_chunks_enlarged: 256.
num_inconsistent_stats: 0.

CodeHeap 'non-profiled nmethods': size=120000Kb used=441Kb max_used=441Kb free=119558Kb
 bounds [0x000002c61e170000, 0x000002c61e3e0000, 0x000002c6256a0000]
CodeHeap 'profiled nmethods': size=120000Kb used=2374Kb max_used=2374Kb free=117625Kb
 bounds [0x000002c6166a0000, 0x000002c616910000, 0x000002c61dbd0000]
CodeHeap 'non-nmethods': size=5760Kb used=1355Kb max_used=1375Kb free=4404Kb
 bounds [0x000002c61dbd0000, 0x000002c61de40000, 0x000002c61e170000]
 total_blobs=1839 nmethods=1386 adapters=357
 compilation: enabled
              stopped_count=0, restarted_count=0
 full_count=0

Compilation events (20 events):
Event: 1.363 Thread 0x000002c62d357950 nmethod 1277 0x000002c6168c3f90 code [0x000002c6168c4140, 0x000002c6168c4448]
Event: 1.363 Thread 0x000002c62d3567b0 nmethod 1276 0x000002c61e1d6c10 code [0x000002c61e1d6da0, 0x000002c61e1d6eb0]
Event: 1.363 Thread 0x000002c62d3567b0 1278       4       com.sun.tools.javac.util.List::setTail (7 bytes)
Event: 1.364 Thread 0x000002c62d357950 1280       3       com.sun.tools.javac.jvm.ClassReader::readField (118 bytes)
Event: 1.365 Thread 0x000002c62d3567b0 nmethod 1278 0x000002c61e1d6f90 code [0x000002c61e1d7100, 0x000002c61e1d7280]
Event: 1.365 Thread 0x000002c62d3567b0 1283       4       java.util.HashMap::put (13 bytes)
Event: 1.365 Thread 0x000002c62d357950 nmethod 1280 0x000002c6168c4590 code [0x000002c6168c4940, 0x000002c6168c62a8]
Event: 1.365 Thread 0x000002c62d357950 1285       3       java.util.HashMap::putVal (300 bytes)
Event: 1.367 Thread 0x000002c62d357950 nmethod 1285 0x000002c6168c6b10 code [0x000002c6168c6dc0, 0x000002c6168c7f18]
Event: 1.367 Thread 0x000002c62d357950 1281       3       com.sun.tools.javac.jvm.ClassReader::adjustFieldFlags (2 bytes)
Event: 1.367 Thread 0x000002c62d357950 nmethod 1281 0x000002c6168c8410 code [0x000002c6168c85a0, 0x000002c6168c86b0]
Event: 1.368 Thread 0x000002c62d357950 1287       3       jdk.internal.misc.Unsafe::checkPrimitivePointer (19 bytes)
Event: 1.369 Thread 0x000002c62d357950 nmethod 1287 0x000002c6168c8790 code [0x000002c6168c89a0, 0x000002c6168c8f98]
Event: 1.369 Thread 0x000002c62d357950 1288       3       jdk.internal.misc.Unsafe::checkPointer (19 bytes)
Event: 1.370 Thread 0x000002c62d357950 nmethod 1288 0x000002c6168c9210 code [0x000002c6168c93e0, 0x000002c6168c9768]
Event: 1.370 Thread 0x000002c62d357950 1286       3       jdk.internal.misc.Unsafe::checkNativeAddress (28 bytes)
Event: 1.370 Thread 0x000002c62d357950 nmethod 1286 0x000002c6168c9910 code [0x000002c6168c9aa0, 0x000002c6168c9bb8]
Event: 1.370 Thread 0x000002c62d357950 1289       3       com.sun.tools.javac.code.Types$14::combineMetadata (178 bytes)
Event: 1.372 Thread 0x000002c62d357950 nmethod 1289 0x000002c6168c9c90 code [0x000002c6168c9ec0, 0x000002c6168cab20]
Event: 1.374 Thread 0x000002c62d357950 1291       3       com.sun.tools.javac.code.Types$14::visitType (10 bytes)

GC Heap History (14 events):
Event: 0.692 GC heap before
{Heap before GC invocations=0 (full 0):
 garbage-first heap   total reserved 4165632K, committed 8192K, used 4096K [0x0000000701c00000, 0x0000000800000000)
  region size 2048K, 2 young (4096K), 0 survivors (0K)
 Metaspace       used 5664K, committed 5760K, reserved 1114112K
  class space    used 681K, committed 704K, reserved 1048576K
}
Event: 0.698 GC heap after
{Heap after GC invocations=1 (full 0):
 garbage-first heap   total reserved 4165632K, committed 8192K, used 1792K [0x0000000701c00000, 0x0000000800000000)
  region size 2048K, 1 young (2048K), 1 survivors (2048K)
 Metaspace       used 5664K, committed 5760K, reserved 1114112K
  class space    used 681K, committed 704K, reserved 1048576K
}
Event: 0.843 GC heap before
{Heap before GC invocations=1 (full 0):
 garbage-first heap   total reserved 4165632K, committed 8192K, used 3840K [0x0000000701c00000, 0x0000000800000000)
  region size 2048K, 2 young (4096K), 1 survivors (2048K)
 Metaspace       used 7671K, committed 7872K, reserved 1114112K
  class space    used 894K, committed 1024K, reserved 1048576K
}
Event: 0.850 GC heap after
{Heap after GC invocations=2 (full 0):
 garbage-first heap   total reserved 4165632K, committed 8192K, used 2545K [0x0000000701c00000, 0x0000000800000000)
  region size 2048K, 1 young (2048K), 1 survivors (2048K)
 Metaspace       used 7671K, committed 7872K, reserved 1114112K
  class space    used 894K, committed 1024K, reserved 1048576K
}
Event: 0.945 GC heap before
{Heap before GC invocations=2 (full 0):
 garbage-first heap   total reserved 4165632K, committed 8192K, used 4593K [0x0000000701c00000, 0x0000000800000000)
  region size 2048K, 2 young (4096K), 1 survivors (2048K)
 Metaspace       used 7941K, committed 8128K, reserved 1114112K
  class space    used 935K, committed 1024K, reserved 1048576K
}
Event: 0.948 GC heap after
{Heap after GC invocations=3 (full 0):
 garbage-first heap   total reserved 4165632K, committed 8192K, used 3164K [0x0000000701c00000, 0x0000000800000000)
  region size 2048K, 1 young (2048K), 1 survivors (2048K)
 Metaspace       used 7941K, committed 8128K, reserved 1114112K
  class space    used 935K, committed 1024K, reserved 1048576K
}
Event: 0.972 GC heap before
{Heap before GC invocations=3 (full 0):
 garbage-first heap   total reserved 4165632K, committed 8192K, used 5212K [0x0000000701c00000, 0x0000000800000000)
  region size 2048K, 2 young (4096K), 1 survivors (2048K)
 Metaspace       used 7969K, committed 8128K, reserved 1114112K
  class space    used 935K, committed 1024K, reserved 1048576K
}
Event: 0.977 GC heap after
{Heap after GC invocations=4 (full 0):
 garbage-first heap   total reserved 4165632K, committed 10240K, used 3489K [0x0000000701c00000, 0x0000000800000000)
  region size 2048K, 1 young (2048K), 1 survivors (2048K)
 Metaspace       used 7969K, committed 8128K, reserved 1114112K
  class space    used 935K, committed 1024K, reserved 1048576K
}
Event: 1.032 GC heap before
{Heap before GC invocations=4 (full 0):
 garbage-first heap   total reserved 4165632K, committed 10240K, used 5537K [0x0000000701c00000, 0x0000000800000000)
  region size 2048K, 2 young (4096K), 1 survivors (2048K)
 Metaspace       used 8072K, committed 8256K, reserved 1114112K
  class space    used 945K, committed 1024K, reserved 1048576K
}
Event: 1.035 GC heap after
{Heap after GC invocations=5 (full 0):
 garbage-first heap   total reserved 4165632K, committed 10240K, used 3738K [0x0000000701c00000, 0x0000000800000000)
  region size 2048K, 1 young (2048K), 1 survivors (2048K)
 Metaspace       used 8072K, committed 8256K, reserved 1114112K
  class space    used 945K, committed 1024K, reserved 1048576K
}
Event: 1.049 GC heap before
{Heap before GC invocations=5 (full 0):
 garbage-first heap   total reserved 4165632K, committed 10240K, used 5786K [0x0000000701c00000, 0x0000000800000000)
  region size 2048K, 2 young (4096K), 1 survivors (2048K)
 Metaspace       used 8089K, committed 8256K, reserved 1114112K
  class space    used 945K, committed 1024K, reserved 1048576K
}
Event: 1.052 GC heap after
{Heap after GC invocations=6 (full 0):
 garbage-first heap   total reserved 4165632K, committed 20480K, used 4092K [0x0000000701c00000, 0x0000000800000000)
  region size 2048K, 1 young (2048K), 1 survivors (2048K)
 Metaspace       used 8089K, committed 8256K, reserved 1114112K
  class space    used 945K, committed 1024K, reserved 1048576K
}
Event: 1.206 GC heap before
{Heap before GC invocations=6 (full 0):
 garbage-first heap   total reserved 4165632K, committed 20480K, used 12284K [0x0000000701c00000, 0x0000000800000000)
  region size 2048K, 5 young (10240K), 1 survivors (2048K)
 Metaspace       used 8484K, committed 8640K, reserved 1114112K
  class space    used 1003K, committed 1088K, reserved 1048576K
}
Event: 1.215 GC heap after
{Heap after GC invocations=7 (full 0):
 garbage-first heap   total reserved 4165632K, committed 20480K, used 5263K [0x0000000701c00000, 0x0000000800000000)
  region size 2048K, 1 young (2048K), 1 survivors (2048K)
 Metaspace       used 8484K, committed 8640K, reserved 1114112K
  class space    used 1003K, committed 1088K, reserved 1048576K
}

Dll operation events (5 events):
Event: 0.012 Loaded shared library C:\Program Files\Java\jdk-22\bin\java.dll
Event: 0.256 Loaded shared library C:\Program Files\Java\jdk-22\bin\jsvml.dll
Event: 0.351 Loaded shared library C:\Program Files\Java\jdk-22\bin\jimage.dll
Event: 0.460 Loaded shared library C:\Program Files\Java\jdk-22\bin\net.dll
Event: 0.465 Loaded shared library C:\Program Files\Java\jdk-22\bin\nio.dll

Deoptimization events (20 events):
Event: 1.340 Thread 0x000002c60e3553d0 Uncommon trap: trap_request=0xffffffc6 fr.pc=0x000002c61e1b19e0 relative=0x0000000000000840
Event: 1.340 Thread 0x000002c60e3553d0 Uncommon trap: reason=bimorphic_or_optimized_type_check action=maybe_recompile pc=0x000002c61e1b19e0 method=java.util.HashMap.putVal(ILjava/lang/Object;Ljava/lang/Object;ZZ)Ljava/lang/Object; @ 253 c2
Event: 1.340 Thread 0x000002c60e3553d0 DEOPT PACKING pc=0x000002c61e1b19e0 sp=0x000000f5187fee90
Event: 1.341 Thread 0x000002c60e3553d0 DEOPT UNPACKING pc=0x000002c61dc246a2 sp=0x000000f5187fee40 mode 2
Event: 1.360 Thread 0x000002c60e3553d0 Uncommon trap: trap_request=0xffffffc6 fr.pc=0x000002c61e1b2600 relative=0x00000000000003a0
Event: 1.360 Thread 0x000002c60e3553d0 Uncommon trap: reason=bimorphic_or_optimized_type_check action=maybe_recompile pc=0x000002c61e1b2600 method=java.util.HashMap.getNode(Ljava/lang/Object;)Ljava/util/HashMap$Node; @ 63 c2
Event: 1.360 Thread 0x000002c60e3553d0 DEOPT PACKING pc=0x000002c61e1b2600 sp=0x000000f5187fe230
Event: 1.360 Thread 0x000002c60e3553d0 DEOPT UNPACKING pc=0x000002c61dc246a2 sp=0x000000f5187fe138 mode 2
Event: 1.361 Thread 0x000002c60e3553d0 Uncommon trap: trap_request=0xffffffde fr.pc=0x000002c61e1b25cc relative=0x000000000000036c
Event: 1.361 Thread 0x000002c60e3553d0 Uncommon trap: reason=class_check action=maybe_recompile pc=0x000002c61e1b25cc method=java.util.HashMap.getNode(Ljava/lang/Object;)Ljava/util/HashMap$Node; @ 128 c2
Event: 1.361 Thread 0x000002c60e3553d0 DEOPT PACKING pc=0x000002c61e1b25cc sp=0x000000f5187fe030
Event: 1.361 Thread 0x000002c60e3553d0 DEOPT UNPACKING pc=0x000002c61dc246a2 sp=0x000000f5187fdf38 mode 2
Event: 1.361 Thread 0x000002c60e3553d0 Uncommon trap: trap_request=0xffffffc6 fr.pc=0x000002c61e1b2600 relative=0x00000000000003a0
Event: 1.361 Thread 0x000002c60e3553d0 Uncommon trap: reason=bimorphic_or_optimized_type_check action=maybe_recompile pc=0x000002c61e1b2600 method=java.util.HashMap.getNode(Ljava/lang/Object;)Ljava/util/HashMap$Node; @ 63 c2
Event: 1.361 Thread 0x000002c60e3553d0 DEOPT PACKING pc=0x000002c61e1b2600 sp=0x000000f5187fe1f0
Event: 1.361 Thread 0x000002c60e3553d0 DEOPT UNPACKING pc=0x000002c61dc246a2 sp=0x000000f5187fe0f8 mode 2
Event: 1.362 Thread 0x000002c60e3553d0 Uncommon trap: trap_request=0xffffffc6 fr.pc=0x000002c61e1b2600 relative=0x00000000000003a0
Event: 1.362 Thread 0x000002c60e3553d0 Uncommon trap: reason=bimorphic_or_optimized_type_check action=maybe_recompile pc=0x000002c61e1b2600 method=java.util.HashMap.getNode(Ljava/lang/Object;)Ljava/util/HashMap$Node; @ 63 c2
Event: 1.362 Thread 0x000002c60e3553d0 DEOPT PACKING pc=0x000002c61e1b2600 sp=0x000000f5187fe0a0
Event: 1.362 Thread 0x000002c60e3553d0 DEOPT UNPACKING pc=0x000002c61dc246a2 sp=0x000000f5187fdfa8 mode 2

Classes loaded (20 events):
Event: 0.922 Loading class java/nio/file/Files$2
Event: 0.922 Loading class java/nio/file/Files$2 done
Event: 0.923 Loading class java/util/ImmutableCollections$Access
Event: 0.923 Loading class java/util/ImmutableCollections$Access done
Event: 0.923 Loading class java/util/ImmutableCollections$Access$1
Event: 0.923 Loading class jdk/internal/access/JavaUtilCollectionAccess
Event: 0.923 Loading class jdk/internal/access/JavaUtilCollectionAccess done
Event: 0.923 Loading class java/util/ImmutableCollections$Access$1 done
Event: 0.924 Loading class java/util/stream/Nodes$SpinedNodeBuilder
Event: 0.924 Loading class java/util/stream/Nodes$SpinedNodeBuilder done
Event: 0.925 Loading class sun/nio/fs/WindowsPath$WindowsPathWithAttributes
Event: 0.925 Loading class sun/nio/fs/BasicFileAttributesHolder
Event: 0.925 Loading class sun/nio/fs/BasicFileAttributesHolder done
Event: 0.925 Loading class sun/nio/fs/WindowsPath$WindowsPathWithAttributes done
Event: 1.115 Loading class java/util/LinkedList$Node
Event: 1.115 Loading class java/util/LinkedList$Node done
Event: 1.126 Loading class java/lang/invoke/MethodHandle$1
Event: 1.126 Loading class java/lang/invoke/MethodHandle$1 done
Event: 1.357 Loading class java/util/function/ToIntBiFunction
Event: 1.358 Loading class java/util/function/ToIntBiFunction done

Classes unloaded (0 events):
No events

Classes redefined (0 events):
No events

Internal exceptions (18 events):
Event: 0.445 Thread 0x000002c60e3553d0 Exception <a 'java/lang/NoSuchMethodError'{0x0000000702011a10}: 'void java.lang.invoke.DirectMethodHandle$Holder.invokeSpecial(java.lang.Object, java.lang.Object, java.lang.Object)'> (0x0000000702011a10) 
thrown [s\open\src\hotspot\share\interpreter\linkResolver.cpp, line 774]
Event: 0.493 Thread 0x000002c60e3553d0 Exception <a 'java/lang/NoSuchMethodError'{0x0000000702053e68}: 'int java.lang.invoke.DirectMethodHandle$Holder.invokeVirtual(java.lang.Object, java.lang.Object, java.lang.Object)'> (0x0000000702053e68) 
thrown [s\open\src\hotspot\share\interpreter\linkResolver.cpp, line 774]
Event: 0.494 Thread 0x000002c60e3553d0 Exception <a 'java/lang/NoSuchMethodError'{0x0000000702059c08}: 'void java.lang.invoke.DirectMethodHandle$Holder.invokeInterface(java.lang.Object, java.lang.Object, java.lang.Object)'> (0x0000000702059c08) 
thrown [s\open\src\hotspot\share\interpreter\linkResolver.cpp, line 774]
Event: 0.600 Thread 0x000002c60e3553d0 Exception <a 'java/lang/NoSuchMethodError'{0x000000070214c500}: 'int java.lang.invoke.DirectMethodHandle$Holder.invokeStaticInit(java.lang.Object, java.lang.Object)'> (0x000000070214c500) 
thrown [s\open\src\hotspot\share\interpreter\linkResolver.cpp, line 774]
Event: 0.700 Thread 0x000002c60e3553d0 Exception <a 'java/lang/NoSuchMethodError'{0x0000000702200c00}: 'int java.lang.invoke.DirectMethodHandle$Holder.invokeVirtual(java.lang.Object, java.lang.Object)'> (0x0000000702200c00) 
thrown [s\open\src\hotspot\share\interpreter\linkResolver.cpp, line 774]
Event: 0.707 Thread 0x000002c60e3553d0 Exception <a 'java/lang/NoSuchMethodError'{0x0000000702228690}: 'java.lang.Object java.lang.invoke.DirectMethodHandle$Holder.newInvokeSpecial(java.lang.Object, java.lang.Object, java.lang.Object, java.lang.Object, java.lang.Object)'> (0x0000000702228690) 
thrown [s\open\src\hotspot\share\interpreter\linkResolver.cpp, line 774]
Event: 0.709 Thread 0x000002c60e3553d0 Exception <a 'java/lang/NoSuchMethodError'{0x0000000702235b58}: 'java.lang.Object java.lang.invoke.DirectMethodHandle$Holder.newInvokeSpecial(java.lang.Object, java.lang.Object, java.lang.Object, java.lang.Object, java.lang.Object, java.lang.Object)'> (0x0000000702235b58) 
thrown [s\open\src\hotspot\share\interpreter\linkResolver.cpp, line 774]
Event: 0.736 Thread 0x000002c60e3553d0 Exception <a 'java/lang/NoSuchMethodError'{0x000000070228c830}: 'java.lang.Object java.lang.invoke.DirectMethodHandle$Holder.invokeVirtual(java.lang.Object, java.lang.Object, java.lang.Object)'> (0x000000070228c830) 
thrown [s\open\src\hotspot\share\interpreter\linkResolver.cpp, line 774]
Event: 0.739 Thread 0x000002c60e3553d0 Exception <a 'java/lang/NoSuchMethodError'{0x00000007022966f8}: 'int java.lang.invoke.DirectMethodHandle$Holder.invokeInterface(java.lang.Object, java.lang.Object)'> (0x00000007022966f8) 
thrown [s\open\src\hotspot\share\interpreter\linkResolver.cpp, line 774]
Event: 0.740 Thread 0x000002c60e3553d0 Exception <a 'sun/nio/fs/WindowsException'{0x000000070229c458}> (0x000000070229c458) 
thrown [s\open\src\hotspot\share\prims\jni.cpp, line 520]
Event: 0.837 Thread 0x000002c60e3553d0 Exception <a 'java/lang/NoSuchMethodError'{0x00000007023c4ee0}: 'java.lang.Object java.lang.invoke.DirectMethodHandle$Holder.invokeSpecial(java.lang.Object, java.lang.Object, java.lang.Object, int, int)'> (0x00000007023c4ee0) 
thrown [s\open\src\hotspot\share\interpreter\linkResolver.cpp, line 774]
Event: 0.838 Thread 0x000002c60e3553d0 Exception <a 'java/lang/NoSuchMethodError'{0x00000007023cb3e0}: 'java.lang.Object java.lang.invoke.DirectMethodHandle$Holder.invokeVirtual(java.lang.Object, java.lang.Object, int)'> (0x00000007023cb3e0) 
thrown [s\open\src\hotspot\share\interpreter\linkResolver.cpp, line 774]
Event: 0.914 Thread 0x000002c60e3553d0 Exception <a 'java/lang/NoSuchMethodError'{0x000000070237db60}: 'void java.lang.invoke.DirectMethodHandle$Holder.invokeStatic(java.lang.Object, java.lang.Object)'> (0x000000070237db60) 
thrown [s\open\src\hotspot\share\interpreter\linkResolver.cpp, line 774]
Event: 1.019 Thread 0x000002c60e3553d0 Exception <a 'java/lang/NoSuchMethodError'{0x0000000702394f58}: 'int java.lang.invoke.DirectMethodHandle$Holder.invokeSpecial(java.lang.Object, java.lang.Object, java.lang.Object)'> (0x0000000702394f58) 
thrown [s\open\src\hotspot\share\interpreter\linkResolver.cpp, line 774]
Event: 1.028 Thread 0x000002c60e3553d0 Exception <a 'sun/nio/fs/WindowsException'{0x00000007023a08a0}> (0x00000007023a08a0) 
thrown [s\open\src\hotspot\share\prims\jni.cpp, line 520]
Event: 1.083 Thread 0x000002c60e3553d0 Exception <a 'java/lang/NoSuchMethodError'{0x0000000702bf2dd0}: 'java.lang.Object java.lang.invoke.DirectMethodHandle$Holder.invokeVirtual(java.lang.Object, java.lang.Object, java.lang.Object, int, int)'> (0x0000000702bf2dd0) 
thrown [s\open\src\hotspot\share\interpreter\linkResolver.cpp, line 774]
Event: 1.130 Thread 0x000002c60e3553d0 Exception <a 'java/lang/NoSuchMethodError'{0x0000000702990030}: 'java.lang.Object java.lang.invoke.DirectMethodHandle$Holder.invokeInterface(java.lang.Object, java.lang.Object)'> (0x0000000702990030) 
thrown [s\open\src\hotspot\share\interpreter\linkResolver.cpp, line 774]
Event: 1.251 Thread 0x000002c60e3553d0 Exception <a 'java/lang/NoSuchMethodError'{0x0000000702d66610}: 'int java.lang.invoke.DirectMethodHandle$Holder.invokeStatic(java.lang.Object, java.lang.Object, java.lang.Object, java.lang.Object)'> (0x0000000702d66610) 
thrown [s\open\src\hotspot\share\interpreter\linkResolver.cpp, line 774]

ZGC Phase Switch (0 events):
No events

VM Operations (20 events):
Event: 0.692 Executing VM operation: G1CollectForAllocation (G1 Evacuation Pause)
Event: 0.698 Executing VM operation: G1CollectForAllocation (G1 Evacuation Pause) done
Event: 0.742 Executing VM operation: HandshakeAllThreads (Deoptimize)
Event: 0.742 Executing VM operation: HandshakeAllThreads (Deoptimize) done
Event: 0.805 Executing VM operation: HandshakeAllThreads (Deoptimize)
Event: 0.805 Executing VM operation: HandshakeAllThreads (Deoptimize) done
Event: 0.843 Executing VM operation: G1CollectForAllocation (G1 Evacuation Pause)
Event: 0.850 Executing VM operation: G1CollectForAllocation (G1 Evacuation Pause) done
Event: 0.925 Executing VM operation: HandshakeAllThreads (Deoptimize)
Event: 0.926 Executing VM operation: HandshakeAllThreads (Deoptimize) done
Event: 0.945 Executing VM operation: G1CollectForAllocation (G1 Evacuation Pause)
Event: 0.948 Executing VM operation: G1CollectForAllocation (G1 Evacuation Pause) done
Event: 0.971 Executing VM operation: G1CollectForAllocation (G1 Evacuation Pause)
Event: 0.977 Executing VM operation: G1CollectForAllocation (G1 Evacuation Pause) done
Event: 1.032 Executing VM operation: G1CollectForAllocation (G1 Evacuation Pause)
Event: 1.035 Executing VM operation: G1CollectForAllocation (G1 Evacuation Pause) done
Event: 1.049 Executing VM operation: G1CollectForAllocation (G1 Evacuation Pause)
Event: 1.052 Executing VM operation: G1CollectForAllocation (G1 Evacuation Pause) done
Event: 1.205 Executing VM operation: G1CollectForAllocation (G1 Evacuation Pause)
Event: 1.215 Executing VM operation: G1CollectForAllocation (G1 Evacuation Pause) done

Memory protections (0 events):
No events

Nmethod flushes (0 events):
No events

Events (14 events):
Event: 0.223 Thread 0x000002c60e3553d0 Thread added: 0x000002c60e3553d0
Event: 0.251 Thread 0x000002c60e3553d0 Thread added: 0x000002c62d341710
Event: 0.252 Thread 0x000002c60e3553d0 Thread added: 0x000002c62d3426e0
Event: 0.252 Thread 0x000002c60e3553d0 Thread added: 0x000002c62d345410
Event: 0.252 Thread 0x000002c60e3553d0 Thread added: 0x000002c62d348600
Event: 0.253 Thread 0x000002c60e3553d0 Thread added: 0x000002c62d3493c0
Event: 0.253 Thread 0x000002c60e3553d0 Thread added: 0x000002c62d34a230
Event: 0.253 Thread 0x000002c60e3553d0 Thread added: 0x000002c62d3567b0
Event: 0.253 Thread 0x000002c60e3553d0 Thread added: 0x000002c62d357950
Event: 0.319 Thread 0x000002c60e3553d0 Thread added: 0x000002c62d59dd60
Event: 0.339 Thread 0x000002c62d357950 Thread added: 0x000002c62d5b6de0
Event: 0.347 Thread 0x000002c60e3553d0 Thread added: 0x000002c62d6455d0
Event: 0.807 Thread 0x000002c62d5b6de0 Thread exited: 0x000002c62d5b6de0
Event: 0.882 Thread 0x000002c62d3567b0 Thread added: 0x000002c6732c34c0


Dynamic libraries:
0x00007ff74b310000 - 0x00007ff74b318000 	C:\Program Files\Java\jdk-22\bin\javac.exe
0x00007ffd74e90000 - 0x00007ffd750a7000 	C:\WINDOWS\SYSTEM32\ntdll.dll
0x00007ffd438b0000 - 0x00007ffd438ca000 	C:\Program Files\Avast Software\Avast\aswhook.dll
0x00007ffd73de0000 - 0x00007ffd73ea4000 	C:\WINDOWS\System32\KERNEL32.DLL
0x00007ffd72810000 - 0x00007ffd72bbd000 	C:\WINDOWS\System32\KERNELBASE.dll
0x00007ffd721b0000 - 0x00007ffd722c1000 	C:\WINDOWS\System32\ucrtbase.dll
0x00007ffd6d660000 - 0x00007ffd6d67b000 	C:\Program Files\Java\jdk-22\bin\VCRUNTIME140.dll
0x00007ffd65d30000 - 0x00007ffd65d47000 	C:\Program Files\Java\jdk-22\bin\jli.dll
0x00007ffd74ca0000 - 0x00007ffd74e4e000 	C:\WINDOWS\System32\USER32.dll
0x00007ffd72480000 - 0x00007ffd724a6000 	C:\WINDOWS\System32\win32u.dll
0x00007ffd5bfd0000 - 0x00007ffd5c263000 	C:\WINDOWS\WinSxS\amd64_microsoft.windows.common-controls_6595b64144ccf1df_6.0.22621.3672_none_2713b9d173822955\COMCTL32.dll
0x00007ffd73bd0000 - 0x00007ffd73bf9000 	C:\WINDOWS\System32\GDI32.dll
0x00007ffd72e50000 - 0x00007ffd72ef7000 	C:\WINDOWS\System32\msvcrt.dll
0x00007ffd726c0000 - 0x00007ffd727d9000 	C:\WINDOWS\System32\gdi32full.dll
0x00007ffd72620000 - 0x00007ffd726ba000 	C:\WINDOWS\System32\msvcp_win.dll
0x00007ffd73b90000 - 0x00007ffd73bc1000 	C:\WINDOWS\System32\IMM32.DLL
0x00007ffd65660000 - 0x00007ffd6566c000 	C:\Program Files\Java\jdk-22\bin\vcruntime140_1.dll
0x00007ffd5d240000 - 0x00007ffd5d2ce000 	C:\Program Files\Java\jdk-22\bin\msvcp140.dll
0x00007ffd1adf0000 - 0x00007ffd1bb39000 	C:\Program Files\Java\jdk-22\bin\server\jvm.dll
0x00007ffd74850000 - 0x00007ffd74902000 	C:\WINDOWS\System32\ADVAPI32.dll
0x00007ffd73d30000 - 0x00007ffd73dd9000 	C:\WINDOWS\System32\sechost.dll
0x00007ffd727e0000 - 0x00007ffd72808000 	C:\WINDOWS\System32\bcrypt.dll
0x00007ffd731d0000 - 0x00007ffd732e4000 	C:\WINDOWS\System32\RPCRT4.dll
0x00007ffd74770000 - 0x00007ffd747e1000 	C:\WINDOWS\System32\WS2_32.dll
0x00007ffd71770000 - 0x00007ffd717bd000 	C:\WINDOWS\SYSTEM32\POWRPROF.dll
0x00007ffd6ce10000 - 0x00007ffd6ce44000 	C:\WINDOWS\SYSTEM32\WINMM.dll
0x00007ffd69060000 - 0x00007ffd6906a000 	C:\WINDOWS\SYSTEM32\VERSION.dll
0x00007ffd71750000 - 0x00007ffd71763000 	C:\WINDOWS\SYSTEM32\UMPDC.dll
0x00007ffd711a0000 - 0x00007ffd711b8000 	C:\WINDOWS\SYSTEM32\kernel.appcore.dll
0x00007ffd63370000 - 0x00007ffd6337a000 	C:\Program Files\Java\jdk-22\bin\jimage.dll
0x00007ffd6fa80000 - 0x00007ffd6fcb2000 	C:\WINDOWS\SYSTEM32\DBGHELP.DLL
0x00007ffd74910000 - 0x00007ffd74c9d000 	C:\WINDOWS\System32\combase.dll
0x00007ffd73460000 - 0x00007ffd73537000 	C:\WINDOWS\System32\OLEAUT32.dll
0x00007ffd67760000 - 0x00007ffd67792000 	C:\WINDOWS\SYSTEM32\dbgcore.DLL
0x00007ffd72340000 - 0x00007ffd723bb000 	C:\WINDOWS\System32\bcryptPrimitives.dll
0x00007ffd631c0000 - 0x00007ffd631de000 	C:\Program Files\Java\jdk-22\bin\java.dll
0x00007ffd73f00000 - 0x00007ffd74768000 	C:\WINDOWS\System32\SHELL32.dll
0x00007ffd72c10000 - 0x00007ffd72db5000 	C:\WINDOWS\System32\ole32.dll
0x00007ffd700b0000 - 0x00007ffd709ae000 	C:\WINDOWS\SYSTEM32\windows.storage.dll
0x00007ffd6ff70000 - 0x00007ffd700af000 	C:\WINDOWS\SYSTEM32\wintypes.dll
0x00007ffd73600000 - 0x00007ffd736f9000 	C:\WINDOWS\System32\SHCORE.dll
0x00007ffd735a0000 - 0x00007ffd735fe000 	C:\WINDOWS\System32\shlwapi.dll
0x00007ffd720e0000 - 0x00007ffd72101000 	C:\WINDOWS\SYSTEM32\profapi.dll
0x00007ffd3f200000 - 0x00007ffd3f2d7000 	C:\Program Files\Java\jdk-22\bin\jsvml.dll
0x00007ffd63360000 - 0x00007ffd63370000 	C:\Program Files\Java\jdk-22\bin\net.dll
0x00007ffd71680000 - 0x00007ffd716e9000 	C:\WINDOWS\system32\mswsock.dll
0x00007ffd63070000 - 0x00007ffd63086000 	C:\Program Files\Java\jdk-22\bin\nio.dll

dbghelp: loaded successfully - version: 4.0.5 - missing functions: none
symbol engine: initialized successfully - sym options: 0x614 - pdb path: .;C:\Program Files\Java\jdk-22\bin;C:\WINDOWS\SYSTEM32;C:\Program Files\Avast Software\Avast;C:\WINDOWS\WinSxS\amd64_microsoft.windows.common-controls_6595b64144ccf1df_6.0.22621.3672_none_2713b9d173822955;C:\Program Files\Java\jdk-22\bin\server

VM Arguments:
jvm_args: -Dapplication.home=C:\Program Files\Java\jdk-22 --add-modules=ALL-DEFAULT -Xms8m -Djdk.module.main=jdk.compiler 
java_command: jdk.compiler/com.sun.tools.javac.Main descomposicion.java
java_class_path (initial): <not set>
Launcher Type: SUN_STANDARD

[Global flags]
     intx CICompilerCount                          = 4                                         {product} {ergonomic}
     uint ConcGCThreads                            = 2                                         {product} {ergonomic}
     uint G1ConcRefinementThreads                  = 8                                         {product} {ergonomic}
   size_t G1HeapRegionSize                         = 2097152                                   {product} {ergonomic}
   size_t InitialHeapSize                          = 8388608                                   {product} {command line}
   size_t MarkStackSize                            = 4194304                                   {product} {ergonomic}
   size_t MaxHeapSize                              = 4265607168                                {product} {ergonomic}
   size_t MaxNewSize                               = 2558525440                                {product} {ergonomic}
   size_t MinHeapDeltaBytes                        = 2097152                                   {product} {ergonomic}
   size_t MinHeapSize                              = 8388608                                   {product} {command line}
    uintx NonNMethodCodeHeapSize                   = 5839372                                {pd product} {ergonomic}
    uintx NonProfiledCodeHeapSize                  = 122909434                              {pd product} {ergonomic}
    uintx ProfiledCodeHeapSize                     = 122909434                              {pd product} {ergonomic}
    uintx ReservedCodeCacheSize                    = 251658240                              {pd product} {ergonomic}
     bool SegmentedCodeCache                       = true                                      {product} {ergonomic}
   size_t SoftMaxHeapSize                          = 4265607168                             {manageable} {ergonomic}
     bool UseCompressedOops                        = true                           {product lp64_product} {ergonomic}
     bool UseG1GC                                  = true                                      {product} {ergonomic}
     bool UseLargePagesIndividualAllocation        = false                                  {pd product} {ergonomic}

Logging:
Log output configuration:
 #0: stdout all=warning uptime,level,tags foldmultilines=false
 #1: stderr all=off uptime,level,tags foldmultilines=false

Environment Variables:
PATH=C:\Users\LENOVO\bin;C:\Program Files\Git\mingw64\bin;C:\Program Files\Git\usr\local\bin;C:\Program Files\Git\usr\bin;C:\Program Files\Git\usr\bin;C:\Program Files\Git\mingw64\bin;C:\Program Files\Git\usr\bin;C:\Users\LENOVO\bin;C:\Program Files\Common Files\Oracle\Java\javapath;C:\WINDOWS\system32;C:\WINDOWS;C:\WINDOWS\System32\Wbem;C:\WINDOWS\System32\WindowsPowerShell\v1.0;C:\WINDOWS\System32\OpenSSH;C:\Program Files\dotnet;C:\Program Files\Git\cmd;C:\Users\LENOVO\AppData\Local\Microsoft\WindowsApps;C:\Users\LENOVO\AppData\Local\JetBrains\Toolbox\scripts;C:\Program Files\Git\usr\bin\vendor_perl;C:\Program Files\Git\usr\bin\core_perl
USERNAME=LENOVO
SHELL=C:\Program Files\Git\usr\bin\bash.exe
DISPLAY=needs-to-be-defined
LC_CTYPE=es_ES.UTF-8
TERM=xterm
TMPDIR=C:\Users\LENOVO\AppData\Local\Temp
OS=Windows_NT
PROCESSOR_IDENTIFIER=Intel64 Family 6 Model 158 Stepping 10, GenuineIntel
TMP=C:\Users\LENOVO\AppData\Local\Temp
TEMP=C:\Users\LENOVO\AppData\Local\Temp




Periodic native trim disabled

---------------  S Y S T E M  ---------------

OS:
 Windows 11 , 64 bit Build 22621 (10.0.22621.3958)
OS uptime: 8 days 2:45 hours
Hyper-V role detected

CPU: total 8 (initial active 8) (4 cores per cpu, 2 threads per core) family 6 model 158 stepping 10 microcode 0xea, cx8, cmov, fxsr, ht, mmx, 3dnowpref, sse, sse2, sse3, ssse3, sse4.1, sse4.2, popcnt, lzcnt, tsc, tscinvbit, avx, avx2, aes, erms, clmul, bmi1, bmi2, adx, fma, vzeroupper, clflush, clflushopt, hv, rdtscp, f16c
Processor Information for all 8 processors :
  Max Mhz: 2400, Current Mhz: 2400, Mhz Limit: 2400

Memory: 4k page, system-wide physical 16264M (404M free)
TotalPageFile size 46678M (AvailPageFile size 0M)
current process WorkingSet (physical memory assigned to process): 96M, peak: 96M
current process commit charge ("private bytes"): 130M, peak: 131M

vm_info: Java HotSpot(TM) 64-Bit Server VM (22.0.2+9-70) for windows-amd64 JRE (22.0.2+9-70), built on 2024-06-04T16:52:23Z by "mach5one" with MS VC++ 17.6 (VS2022)

END.
